-------------------------------------------------------------------------------
Test set: com.example.unitTestingTutorials.UnitTestingTutorialsApplicationTests
-------------------------------------------------------------------------------
Tests run: 2, Failures: 0, Errors: 1, Skipped: 0, Time elapsed: 10.69 s <<< FAILURE! - in com.example.unitTestingTutorials.UnitTestingTutorialsApplicationTests
testMainMethod  Time elapsed: 2.515 s  <<< ERROR!
org.springframework.beans.factory.BeanCreationException: 
Error creating bean with name 'dataSourceScriptDatabaseInitializer' defined in class path resource [org/springframework/boot/autoconfigure/sql/init/DataSourceInitializationConfiguration.class]: Invocation of init method failed; nested exception is org.springframework.jdbc.datasource.init.ScriptStatementFailedException: Failed to execute SQL script statement #1 of URL [file:/C:/Users/HP/Desktop/JunitMockito/unitTestingTutorials/target/classes/schema.sql]: create table item (id integer not null, name char(255), price integer not null, quantity integer not null, primary key (id)); nested exception is org.h2.jdbc.JdbcSQLSyntaxErrorException: Table "ITEM" already exists; SQL statement:
create table item (id integer not null, name char(255), price integer not null, quantity integer not null, primary key (id)) [42101-214]
	at com.example.unitTestingTutorials.UnitTestingTutorialsApplicationTests.testMainMethod(UnitTestingTutorialsApplicationTests.java:16)
Caused by: org.springframework.jdbc.datasource.init.ScriptStatementFailedException: 
Failed to execute SQL script statement #1 of URL [file:/C:/Users/HP/Desktop/JunitMockito/unitTestingTutorials/target/classes/schema.sql]: create table item (id integer not null, name char(255), price integer not null, quantity integer not null, primary key (id)); nested exception is org.h2.jdbc.JdbcSQLSyntaxErrorException: Table "ITEM" already exists; SQL statement:
create table item (id integer not null, name char(255), price integer not null, quantity integer not null, primary key (id)) [42101-214]
	at com.example.unitTestingTutorials.UnitTestingTutorialsApplicationTests.testMainMethod(UnitTestingTutorialsApplicationTests.java:16)
Caused by: org.h2.jdbc.JdbcSQLSyntaxErrorException: 
Table "ITEM" already exists; SQL statement:
create table item (id integer not null, name char(255), price integer not null, quantity integer not null, primary key (id)) [42101-214]
	at com.example.unitTestingTutorials.UnitTestingTutorialsApplicationTests.testMainMethod(UnitTestingTutorialsApplicationTests.java:16)

